0 info it worked if it ends with ok
1 verbose cli [ 'C:\\Program Files\\nodejs\\node.exe',
1 verbose cli   'C:\\Program Files\\nodejs\\node_modules\\npm\\bin\\npm-cli.js',
1 verbose cli   'install',
1 verbose cli   'cordova-whitelist' ]
2 info using npm@2.15.1
3 info using node@v4.4.3
4 verbose install initial load of C:\Users\saeed\fatfitproject\package.json
5 warn package.json fatfitproject@ No repository field.
6 warn package.json fatfitproject@ No README data
7 warn package.json fatfitproject@ No license field.
8 verbose installManyTop reading scoped package data from C:\Users\saeed\fatfitproject\node_modules\angular2\package.json
9 verbose installManyTop reading scoped package data from C:\Users\saeed\fatfitproject\node_modules\cordova\package.json
10 verbose installManyTop reading scoped package data from C:\Users\saeed\fatfitproject\node_modules\del\package.json
11 verbose installManyTop reading scoped package data from C:\Users\saeed\fatfitproject\node_modules\es6-shim\package.json
12 verbose installManyTop reading scoped package data from C:\Users\saeed\fatfitproject\node_modules\gulp\package.json
13 verbose installManyTop reading scoped package data from C:\Users\saeed\fatfitproject\node_modules\gulp-concat\package.json
14 verbose installManyTop reading scoped package data from C:\Users\saeed\fatfitproject\node_modules\gulp-imagemin\package.json
15 verbose installManyTop reading scoped package data from C:\Users\saeed\fatfitproject\node_modules\gulp-sourcemaps\package.json
16 verbose installManyTop reading scoped package data from C:\Users\saeed\fatfitproject\node_modules\gulp-uglify\package.json
17 verbose installManyTop reading scoped package data from C:\Users\saeed\fatfitproject\node_modules\gulp-watch\package.json
18 verbose installManyTop reading scoped package data from C:\Users\saeed\fatfitproject\node_modules\ionic-angular\package.json
19 verbose installManyTop reading scoped package data from C:\Users\saeed\fatfitproject\node_modules\ionic-gulp-browserify-typescript\package.json
20 verbose installManyTop reading scoped package data from C:\Users\saeed\fatfitproject\node_modules\ionic-gulp-fonts-copy\package.json
21 verbose installManyTop reading scoped package data from C:\Users\saeed\fatfitproject\node_modules\ionic-gulp-html-copy\package.json
22 verbose installManyTop reading scoped package data from C:\Users\saeed\fatfitproject\node_modules\ionic-gulp-sass-build\package.json
23 verbose installManyTop reading scoped package data from C:\Users\saeed\fatfitproject\node_modules\ionic-gulp-scripts-copy\package.json
24 verbose installManyTop reading scoped package data from C:\Users\saeed\fatfitproject\node_modules\ionic-native\package.json
25 verbose installManyTop reading scoped package data from C:\Users\saeed\fatfitproject\node_modules\ionicons\package.json
26 verbose installManyTop reading scoped package data from C:\Users\saeed\fatfitproject\node_modules\reflect-metadata\package.json
27 verbose installManyTop reading scoped package data from C:\Users\saeed\fatfitproject\node_modules\run-sequence\package.json
28 verbose installManyTop reading scoped package data from C:\Users\saeed\fatfitproject\node_modules\rxjs\package.json
29 verbose installManyTop reading scoped package data from C:\Users\saeed\fatfitproject\node_modules\zone.js\package.json
30 info package.json ionic-gulp-fonts-copy@1.0.0 No repository field.
31 info package.json ionic-gulp-fonts-copy@1.0.0 No license field.
32 verbose readDependencies loading dependencies from C:\Users\saeed\fatfitproject\package.json
33 silly cache add args [ 'cordova-whitelist', null ]
34 verbose cache add spec cordova-whitelist
35 silly cache add parsed spec Result {
35 silly cache add   raw: 'cordova-whitelist',
35 silly cache add   scope: null,
35 silly cache add   name: 'cordova-whitelist',
35 silly cache add   rawSpec: '',
35 silly cache add   spec: 'latest',
35 silly cache add   type: 'tag' }
36 silly addNamed cordova-whitelist@latest
37 verbose addNamed "latest" is being treated as a dist-tag for cordova-whitelist
38 info addNameTag [ 'cordova-whitelist', 'latest' ]
39 silly mapToRegistry name cordova-whitelist
40 silly mapToRegistry using default registry
41 silly mapToRegistry registry https://registry.npmjs.org/
42 silly mapToRegistry data Result {
42 silly mapToRegistry   raw: 'cordova-whitelist',
42 silly mapToRegistry   scope: null,
42 silly mapToRegistry   name: 'cordova-whitelist',
42 silly mapToRegistry   rawSpec: '',
42 silly mapToRegistry   spec: 'latest',
42 silly mapToRegistry   type: 'tag' }
43 silly mapToRegistry uri https://registry.npmjs.org/cordova-whitelist
44 verbose addNameTag registry:https://registry.npmjs.org/cordova-whitelist not in flight; fetching
45 verbose request uri https://registry.npmjs.org/cordova-whitelist
46 verbose request no auth needed
47 info attempt registry request try #1 at 7:10:23 PM
48 verbose request id 9ccfca718df8fad7
49 http request GET https://registry.npmjs.org/cordova-whitelist
50 http 404 https://registry.npmjs.org/cordova-whitelist
51 verbose headers { 'content-type': 'application/json',
51 verbose headers   'cache-control': 'max-age=0',
51 verbose headers   'content-length': '2',
51 verbose headers   'accept-ranges': 'bytes',
51 verbose headers   date: 'Thu, 28 Apr 2016 14:40:30 GMT',
51 verbose headers   via: '1.1 varnish',
51 verbose headers   age: '0',
51 verbose headers   connection: 'keep-alive',
51 verbose headers   'x-served-by': 'cache-ams4124-AMS',
51 verbose headers   'x-cache': 'MISS',
51 verbose headers   'x-cache-hits': '0',
51 verbose headers   'x-timer': 'S1461854430.040450,VS0,VE109',
51 verbose headers   vary: 'Accept-Encoding' }
52 silly get cb [ 404,
52 silly get   { 'content-type': 'application/json',
52 silly get     'cache-control': 'max-age=0',
52 silly get     'content-length': '2',
52 silly get     'accept-ranges': 'bytes',
52 silly get     date: 'Thu, 28 Apr 2016 14:40:30 GMT',
52 silly get     via: '1.1 varnish',
52 silly get     age: '0',
52 silly get     connection: 'keep-alive',
52 silly get     'x-served-by': 'cache-ams4124-AMS',
52 silly get     'x-cache': 'MISS',
52 silly get     'x-cache-hits': '0',
52 silly get     'x-timer': 'S1461854430.040450,VS0,VE109',
52 silly get     vary: 'Accept-Encoding' } ]
53 verbose stack Error: Registry returned 404 for GET on https://registry.npmjs.org/cordova-whitelist
53 verbose stack     at makeError (C:\Program Files\nodejs\node_modules\npm\node_modules\npm-registry-client\lib\request.js:264:12)
53 verbose stack     at CachingRegistryClient.<anonymous> (C:\Program Files\nodejs\node_modules\npm\node_modules\npm-registry-client\lib\request.js:242:14)
53 verbose stack     at Request._callback (C:\Program Files\nodejs\node_modules\npm\node_modules\npm-registry-client\lib\request.js:172:14)
53 verbose stack     at Request.self.callback (C:\Program Files\nodejs\node_modules\npm\node_modules\request\request.js:199:22)
53 verbose stack     at emitTwo (events.js:87:13)
53 verbose stack     at Request.emit (events.js:172:7)
53 verbose stack     at Request.<anonymous> (C:\Program Files\nodejs\node_modules\npm\node_modules\request\request.js:1036:10)
53 verbose stack     at emitOne (events.js:82:20)
53 verbose stack     at Request.emit (events.js:169:7)
53 verbose stack     at IncomingMessage.<anonymous> (C:\Program Files\nodejs\node_modules\npm\node_modules\request\request.js:963:12)
54 verbose statusCode 404
55 verbose pkgid cordova-whitelist
56 verbose cwd C:\Users\saeed\fatfitproject
57 error Windows_NT 10.0.10586
58 error argv "C:\\Program Files\\nodejs\\node.exe" "C:\\Program Files\\nodejs\\node_modules\\npm\\bin\\npm-cli.js" "install" "cordova-whitelist"
59 error node v4.4.3
60 error npm  v2.15.1
61 error code E404
62 error 404 Registry returned 404 for GET on https://registry.npmjs.org/cordova-whitelist
62 error 404
62 error 404 'cordova-whitelist' is not in the npm registry.
62 error 404 You should bug the author to publish it (or use the name yourself!)
62 error 404 It was specified as a dependency of 'fatfitproject'
62 error 404
62 error 404 Note that you can also install from a
62 error 404 tarball, folder, http url, or git url.
63 verbose exit [ 1, true ]
